[20:41:25] [main/INFO]: Loading Minecraft 1.21.11 with Fabric Loader 0.18.6
[20:41:25] [main/INFO]: Loading 75 mods:
	- adrenium 1.0.0
	- architectury 19.0.1
	- cloth-config 21.11.153
	   \-- cloth-basic-math 0.6.1
	- fabric-api 0.141.3+1.21.11
	   |-- fabric-api-base 1.0.5+4ebb5c083e
	   |-- fabric-api-lookup-api-v1 1.6.114+20dc27073e
	   |-- fabric-biome-api-v1 17.1.1+4fc5413f3e
	   |-- fabric-block-api-v1 1.1.10+4ebb5c083e
	   |-- fabric-block-view-api-v2 1.0.39+4ebb5c083e
	   |-- fabric-command-api-v2 2.4.7+6b42a6003e
	   |-- fabric-content-registries-v0 10.2.14+4fc5413f3e
	   |-- fabric-convention-tags-v1 2.1.55+7f945d5b3e
	   |-- fabric-convention-tags-v2 2.17.3+8ef948ba3e
	   |-- fabric-crash-report-info-v1 0.3.23+4ebb5c083e
	   |-- fabric-data-attachment-api-v1 1.8.47+eed0806f3e
	   |-- fabric-data-generation-api-v1 23.4.0+69974c4e3e
	   |-- fabric-dimensions-v1 4.0.28+4fc5413f3e
	   |-- fabric-entity-events-v1 3.1.1+1d0ab4303e
	   |-- fabric-events-interaction-v0 4.1.0+3b89ecf63e
	   |-- fabric-game-rule-api-v1 2.0.3+4fc5413f3e
	   |-- fabric-item-api-v1 11.5.20+d0c46b9e3e
	   |-- fabric-item-group-api-v1 4.2.36+4fc5413f3e
	   |-- fabric-key-binding-api-v1 1.1.7+4fc5413f3e
	   |-- fabric-lifecycle-events-v1 2.6.15+4ebb5c083e
	   |-- fabric-loot-api-v2 3.0.73+3f89f5a53e
	   |-- fabric-loot-api-v3 2.0.20+78c8b4663e
	   |-- fabric-message-api-v1 6.1.12+4ebb5c083e
	   |-- fabric-model-loading-api-v1 6.0.15+4fc5413f3e
	   |-- fabric-networking-api-v1 5.1.5+ae1e07683e
	   |-- fabric-object-builder-api-v1 21.1.39+4fc5413f3e
	   |-- fabric-particles-v1 4.2.11+4fc5413f3e
	   |-- fabric-recipe-api-v1 8.2.3+4ebb5c083e
	   |-- fabric-registry-sync-v0 6.2.5+1718722b3e
	   |-- fabric-renderer-api-v1 8.0.3+f4ffd2e53e
	   |-- fabric-renderer-indigo 5.0.3+f4ffd2e53e
	   |-- fabric-rendering-fluids-v1 3.1.43+4ebb5c083e
	   |-- fabric-rendering-v1 16.2.10+0290ad933e
	   |-- fabric-resource-conditions-api-v1 5.0.35+4fc5413f3e
	   |-- fabric-resource-loader-v0 3.3.4+4fc5413f3e
	   |-- fabric-resource-loader-v1 1.0.10+78c8b4663e
	   |-- fabric-screen-api-v1 3.1.7+4ebb5c083e
	   |-- fabric-screen-handler-api-v1 1.3.161+4fc5413f3e
	   |-- fabric-serialization-api-v1 1.0.5+4ebb5c083e
	   |-- fabric-sound-api-v1 1.0.51+4fc5413f3e
	   |-- fabric-tag-api-v1 1.2.20+4fc5413f3e
	   |-- fabric-transfer-api-v1 6.0.25+4fc5413f3e
	   \-- fabric-transitive-access-wideners-v1 7.1.0+014c8cec3e
	- fabric-language-kotlin 1.13.10+kotlin.2.3.20
	   |-- org_jetbrains_kotlin_kotlin-reflect 2.3.20
	   |-- org_jetbrains_kotlin_kotlin-stdlib 2.3.20
	   |-- org_jetbrains_kotlin_kotlin-stdlib-jdk7 2.3.20
	   |-- org_jetbrains_kotlin_kotlin-stdlib-jdk8 2.3.20
	   |-- org_jetbrains_kotlinx_atomicfu-jvm 0.32.1
	   |-- org_jetbrains_kotlinx_kotlinx-coroutines-core-jvm 1.10.2
	   |-- org_jetbrains_kotlinx_kotlinx-coroutines-jdk8 1.10.2
	   |-- org_jetbrains_kotlinx_kotlinx-datetime-jvm 0.7.1
	   |-- org_jetbrains_kotlinx_kotlinx-io-bytestring-jvm 0.9.0
	   |-- org_jetbrains_kotlinx_kotlinx-io-core-jvm 0.9.0
	   |-- org_jetbrains_kotlinx_kotlinx-serialization-cbor-jvm 1.10.0
	   |-- org_jetbrains_kotlinx_kotlinx-serialization-core-jvm 1.10.0
	   \-- org_jetbrains_kotlinx_kotlinx-serialization-json-jvm 1.10.0
	- fabricloader 0.18.6
	   \-- mixinextras 0.5.3
	- fpsdisplay 4.5.1+1.21.11
	- iris 1.10.7+mc1.21.11
	   |-- io_github_douira_glsl-transformer 3.0.0-pre3
	   |-- org_anarres_jcpp 1.4.14
	   \-- org_antlr_antlr4-runtime 4.13.1
	- java 21
	- minecraft 1.21.11
	- modmenu 17.0.0
	- placeholder-api 2.8.2+1.21.10
	- resourcify 1.8.1
	- sodium 0.8.7+mc1.21.11
[20:41:26] [main/INFO]: SpongePowered MIXIN Subsystem Version=0.8.7 Source=file:/storage/emulated/0/Android/data/com.movtery.zalithlauncher/files/.minecraft/libraries/net/fabricmc/sponge-mixin/0.17.0+mixin.0.8.7/sponge-mixin-0.17.0+mixin.0.8.7.jar Service=Knot/Fabric Env=CLIENT
[20:41:26] [main/INFO]: Compatibility level set to JAVA_21
[20:41:26] [main/WARN]: Reference map 'iris.refmap.json' for mixins.iris.json could not be read. If this is a development environment you can ignore this message
[20:41:26] [main/WARN]: Reference map 'iris-fabric.refmap.json' for mixins.iris.fabric.json could not be read. If this is a development environment you can ignore this message
[20:41:26] [main/WARN]: Reference map 'iris.refmap.json' for mixins.iris.fantastic.json could not be read. If this is a development environment you can ignore this message
[20:41:26] [main/WARN]: Reference map 'iris.refmap.json' for mixins.iris.vertexformat.json could not be read. If this is a development environment you can ignore this message
[20:41:26] [main/WARN]: Reference map 'iris.refmap.json' for mixins.iris.bettermipmaps.json could not be read. If this is a development environment you can ignore this message
[20:41:26] [main/WARN]: Reference map 'iris.refmap.json' for mixins.iris.compat.sodium.json could not be read. If this is a development environment you can ignore this message
[20:41:26] [main/WARN]: Reference map 'iris.refmap.json' for mixins.iris.fixes.maxfpscrash.json could not be read. If this is a development environment you can ignore this message
[20:41:26] [main/INFO]: Loaded configuration file for Sodium: 35 options available, 1 override(s) found
[20:41:26] [main/WARN]: Error loading class: net/irisshaders/iris/framebuffer/GlFramebuffer (java.lang.ClassNotFoundException: net/irisshaders/iris/framebuffer/GlFramebuffer)
[20:41:26] [main/WARN]: @Mixin target net/irisshaders/iris/framebuffer/GlFramebuffer was not found adrenium.mixins.json:FramebufferMixin from mod adrenium
[20:41:28] [main/WARN]: Force-disabling mixin 'features.render.world.sky.LevelRendererMixin' as rule 'mixin.features.render.world.sky' (added by mods [iris]) disables it and children
[20:41:28] [main/INFO]: Searching for graphics cards...
[20:41:28] [main/WARN]: Could not find any graphics adapters! Probably the device is not on a bus we can probe, or there are no devices supporting 3D acceleration.
[20:41:28] [main/WARN]: Sodium has applied one or more workarounds to prevent crashes or other issues on your system: [NO_ERROR_CONTEXT_UNSUPPORTED]
[20:41:28] [main/WARN]: This is not necessarily an issue, but it may result in certain features or optimizations being disabled. You can sometimes fix these issues by upgrading your graphics driver.
[20:41:29] [main/INFO]: Initializing MixinExtras via com.llamalad7.mixinextras.service.MixinExtrasServiceImpl(version=0.5.3).
[20:41:31] [main/WARN]: Did not find udev library in operating system. Some features may not work.
[20:41:31] [main/WARN]: File not found or not readable: /proc/stat
[20:41:32] [Datafixer Bootstrap/INFO]: 287 Datafixer optimizations took 1463 milliseconds
[20:41:43] [Render thread/INFO]: fpsdisplay.mixins.json:MinecraftClientAccessor from mod fpsdisplay->@Accessor[FIELD_GETTER]::getCurrentFps()I should be static as its target is
[20:41:43] [Render thread/INFO]: Environment: Environment[sessionHost=https://sessionserver.mojang.com, servicesHost=https://api.minecraftservices.com, profilesHost=https://api.mojang.com, name=PROD]
[20:41:43] [Render thread/INFO]: Setting user: Rasputin
[20:41:44] [Render thread/INFO]: [Adrenium] Config loaded from /storage/emulated/0/Android/data/com.movtery.zalithlauncher/files/.minecraft/versions/ShaderRev./config/adrenium.json
[20:41:44] [Render thread/INFO]: [Adrenium] Initialised — precision rewriter ENABLED
[20:41:44] [Render thread/INFO]: Registering S2C receiver with id architectury:spawn_entity_packet
[20:41:44] [Render thread/INFO]: [Indigo] Different rendering plugin detected; not applying Indigo.
[20:41:44] [Download-2/ERROR]: Failed to fetch user properties
com.mojang.authlib.exceptions.InvalidCredentialsException: Status: 401
	at knot//com.mojang.authlib.exceptions.MinecraftClientHttpException.toAuthenticationException(MinecraftClientHttpException.java:59)
	at knot//com.mojang.authlib.yggdrasil.YggdrasilUserApiService.fetchProperties(YggdrasilUserApiService.java:150)
	at knot//net.minecraft.class_310.method_55608(class_310.java:457)
	at java.base/java.util.concurrent.CompletableFuture$AsyncSupply.run(Unknown Source)
	at java.base/java.util.concurrent.ThreadPoolExecutor.runWorker(Unknown Source)
	at java.base/java.util.concurrent.ThreadPoolExecutor$Worker.run(Unknown Source)
	at java.base/java.lang.Thread.run(Unknown Source)
Caused by: com.mojang.authlib.exceptions.MinecraftClientHttpException: Status: 401
	at knot//com.mojang.authlib.minecraft.client.MinecraftClient.readInputStream(MinecraftClient.java:103)
	at knot//com.mojang.authlib.minecraft.client.MinecraftClient.get(MinecraftClient.java:56)
	at knot//com.mojang.authlib.yggdrasil.YggdrasilUserApiService.fetchProperties(YggdrasilUserApiService.java:121)
	... 5 more
[20:41:45] [Render thread/INFO]: Checking mod updates...
[20:41:47] [Render thread/INFO]: Backend library: LWJGL version 3.3.6-snapshot
[20:41:47] [ForkJoinPool.commonPool-worker-1/WARN]: [Iris Update Check] This version doesn't have an update index, skipping.
[20:41:48] [Render thread/INFO]: Debug functionality is disabled.
[20:41:48] [Render thread/INFO]: DSA support not detected.
[20:41:48] [Render thread/INFO]: Profile: FABULOUS (+1 option changed by user)
[20:41:49] [pool-4-thread-10/INFO]: null:2760:28: warning: Unexpected nonwhite token
[20:41:49] [pool-4-thread-10/INFO]: null:2760:31: warning: Unexpected nonwhite token
[20:41:49] [pool-4-thread-10/INFO]: null:2760:50: warning: Unexpected nonwhite token
[20:41:49] [pool-4-thread-10/INFO]: null:2760:52: warning: Unexpected nonwhite token
[20:41:49] [Render thread/INFO]: Using shaderpack: Mellow Shader v3.1.zip
[20:41:49] [Render thread/INFO]: OpenGL Vendor: artDev, SerpentSpirale, CADIndie
[20:41:49] [Render thread/INFO]: OpenGL Renderer: Adreno (TM) 650
[20:41:49] [Render thread/INFO]: OpenGL Version: 3.0 OpenLTW
[20:41:49] [Render thread/INFO]: Using optional rendering extensions: GL_ARB_buffer_storage, GL_KHR_debug, GL_EXT_texture_filter_anisotropic
[20:41:50] [Render thread/INFO]: Hardware information:
[20:41:50] [Render thread/INFO]: CPU: 8x 
[20:41:50] [Render thread/INFO]: GPU: Adreno (TM) 650 (Supports OpenGL 3.0 OpenLTW)
[20:41:50] [Render thread/INFO]: OS: Linux (Android-14)
[20:41:51] [Render thread/INFO]: Reloading ResourceManager: vanilla, cloth-config, fabric-api, fabric-api-base, fabric-api-lookup-api-v1, fabric-biome-api-v1, fabric-block-api-v1, fabric-block-view-api-v2, fabric-command-api-v2, fabric-content-registries-v0, fabric-convention-tags-v1, fabric-convention-tags-v2, fabric-crash-report-info-v1, fabric-data-attachment-api-v1, fabric-data-generation-api-v1, fabric-dimensions-v1, fabric-entity-events-v1, fabric-events-interaction-v0, fabric-game-rule-api-v1, fabric-item-api-v1, fabric-item-group-api-v1, fabric-key-binding-api-v1, fabric-language-kotlin, fabric-lifecycle-events-v1, fabric-loot-api-v2, fabric-loot-api-v3, fabric-message-api-v1, fabric-model-loading-api-v1, fabric-networking-api-v1, fabric-object-builder-api-v1, fabric-particles-v1, fabric-recipe-api-v1, fabric-registry-sync-v0, fabric-renderer-api-v1, fabric-renderer-indigo, fabric-rendering-fluids-v1, fabric-rendering-v1, fabric-resource-conditions-api-v1, fabric-resource-loader-v0, fabric-resource-loader-v1, fabric-screen-api-v1, fabric-screen-handler-api-v1, fabric-serialization-api-v1, fabric-sound-api-v1, fabric-tag-api-v1, fabric-transfer-api-v1, fabric-transitive-access-wideners-v1, fabricloader, fpsdisplay, iris, modmenu, placeholder-api, resourcify, sodium
[20:41:51] [Download-1/INFO]: Could not authorize you against Realms server: java.lang.RuntimeException: Failed to parse into SignedJWT: 0
[20:41:51] [Download-1/ERROR]: Failed to fetch Realms feature flags
net.minecraft.class_4355: Realms authentication error with message 'java.lang.RuntimeException: Failed to parse into SignedJWT: 0'
	at knot//net.minecraft.class_4341.method_20998(class_4341.java:526)
	at knot//net.minecraft.class_4341.method_68466(class_4341.java:186)
	at java.base/java.util.concurrent.CompletableFuture$AsyncSupply.run(Unknown Source)
	at java.base/java.util.concurrent.ThreadPoolExecutor.runWorker(Unknown Source)
	at java.base/java.util.concurrent.ThreadPoolExecutor$Worker.run(Unknown Source)
	at java.base/java.lang.Thread.run(Unknown Source)
[20:41:52] [Worker-Main-7/INFO]: Found unifont_all_no_pua-17.0.01.hex, loading
[20:41:52] [Worker-Main-3/INFO]: Found unifont_pua-17.0.01.hex, loading
[20:41:52] [Worker-Main-5/INFO]: Found unifont_jp_patch-17.0.01.hex, loading
[20:41:57] [Render thread/INFO]: OpenAL initialized on device OpenSL
[20:41:57] [Render thread/INFO]: Sound engine started
[20:41:57] [Render thread/INFO]: Created: 512x256x0 minecraft:textures/atlas/particles.png-atlas
[20:41:57] [Render thread/INFO]: Created: 128x128x0 minecraft:textures/atlas/decorated_pot.png-atlas
[20:41:57] [Render thread/INFO]: Created: 2048x1024x0 minecraft:textures/atlas/armor_trims.png-atlas
[20:41:57] [Render thread/INFO]: Created: 512x256x0 minecraft:textures/atlas/paintings.png-atlas
[20:41:57] [Render thread/INFO]: Created: 1024x512x0 minecraft:textures/atlas/shield_patterns.png-atlas
[20:41:57] [Render thread/INFO]: Created: 1024x512x0 minecraft:textures/atlas/blocks.png-atlas
[20:41:57] [Render thread/INFO]: Created: 512x512x0 minecraft:textures/atlas/chest.png-atlas
[20:41:57] [Render thread/INFO]: Created: 256x128x0 minecraft:textures/atlas/celestials.png-atlas
[20:41:57] [Render thread/INFO]: Created: 1024x512x0 minecraft:textures/atlas/banner_patterns.png-atlas
[20:41:57] [Render thread/INFO]: Created: 512x512x0 minecraft:textures/atlas/beds.png-atlas
[20:41:57] [Render thread/INFO]: Created: 1024x512x0 minecraft:textures/atlas/items.png-atlas
[20:41:57] [Render thread/INFO]: Created: 1024x1024x0 minecraft:textures/atlas/gui.png-atlas
[20:41:57] [Render thread/INFO]: Created: 128x64x0 minecraft:textures/atlas/map_decorations.png-atlas
[20:41:57] [Render thread/INFO]: Created: 512x256x0 minecraft:textures/atlas/signs.png-atlas
[20:41:57] [Render thread/INFO]: Created: 512x512x0 minecraft:textures/atlas/shulker_boxes.png-atlas
[20:41:59] [Render thread/INFO]: Creating pipeline for dimension minecraft:overworld
[20:41:59] [IO-Worker-1/INFO]: Could not authorize you against Realms server: java.lang.RuntimeException: Failed to parse into SignedJWT: 0
[20:41:59] [IO-Worker-1/ERROR]: Couldn't connect to realms
net.minecraft.class_4355: Realms authentication error with message 'java.lang.RuntimeException: Failed to parse into SignedJWT: 0'
	at knot//net.minecraft.class_4341.method_20998(class_4341.java:526)
	at knot//net.minecraft.class_4341.method_21027(class_4341.java:307)
	at knot//net.minecraft.class_8647.method_52627(class_8647.java:48)
	at java.base/java.util.concurrent.CompletableFuture$AsyncSupply.run(Unknown Source)
	at java.base/java.util.concurrent.ThreadPoolExecutor.runWorker(Unknown Source)
	at java.base/java.util.concurrent.ThreadPoolExecutor$Worker.run(Unknown Source)
	at java.base/java.lang.Thread.run(Unknown Source)
[20:41:59] [pool-5-thread-8/INFO]: null:2760:28: warning: Unexpected nonwhite token
[20:41:59] [pool-5-thread-8/INFO]: null:2760:31: warning: Unexpected nonwhite token
[20:41:59] [pool-5-thread-8/INFO]: null:2760:50: warning: Unexpected nonwhite token
[20:41:59] [pool-5-thread-8/INFO]: null:2760:52: warning: Unexpected nonwhite token
[20:42:01] [Render thread/WARN]: The in declaration 'ViewPos' in the deferred1 FRAGMENT shader is missing a corresponding out declaration in the previous stage VERTEX and has been compatibility-patched. See debugging.md for more information.
[20:42:03] [Render thread/WARN]: The in declaration 'glcolor' in the clouds FRAGMENT shader that is never assigned to in the previous stage VERTEX has been compatibility-patched by adding an initialization for it. See debugging.md for more information.
[20:42:03] [Render thread/WARN]: The in declaration 'texcoord' in the clouds FRAGMENT shader that is never assigned to in the previous stage VERTEX has been compatibility-patched by adding an initialization for it. See debugging.md for more information.
[20:42:04] [Render thread/WARN]: The in declaration 'glcolor' in the clouds_sodium FRAGMENT shader that is never assigned to in the previous stage VERTEX has been compatibility-patched by adding an initialization for it. See debugging.md for more information.
[20:42:04] [Render thread/WARN]: The in declaration 'texcoord' in the clouds_sodium FRAGMENT shader that is never assigned to in the previous stage VERTEX has been compatibility-patched by adding an initialization for it. See debugging.md for more information.
[20:42:14] [Server Pinger #0/WARN]: Failed to find a usable hardware address from the network interfaces; using random bytes: e4:fe:a4:73:bf:ff:38:ff
[20:42:16] [Render thread/INFO]: Connecting to serveig.aternos.me, 25565
[20:42:16] [Download-1/ERROR]: Failed to retrieve profile key pair
com.mojang.authlib.exceptions.MinecraftClientHttpException: Status: 401
	at knot//com.mojang.authlib.minecraft.client.MinecraftClient.readInputStream(MinecraftClient.java:103)
	at knot//com.mojang.authlib.minecraft.client.MinecraftClient.post(MinecraftClient.java:64)
	at knot//com.mojang.authlib.yggdrasil.YggdrasilUserApiService.getKeyPair(YggdrasilUserApiService.java:61)
	at knot//net.minecraft.class_7434.method_43605(class_7434.java:128)
	at knot//net.minecraft.class_7434.method_44291(class_7434.java:77)
	at java.base/java.util.concurrent.CompletableFuture$AsyncSupply.run(Unknown Source)
	at java.base/java.util.concurrent.ThreadPoolExecutor.runWorker(Unknown Source)
	at java.base/java.util.concurrent.ThreadPoolExecutor$Worker.run(Unknown Source)
	at java.base/java.lang.Thread.run(Unknown Source)
[20:42:19] [Render thread/INFO]: Reloading pipeline on dimension change: minecraft:overworld => minecraft:overworld
[20:42:19] [Render thread/INFO]: Destroying pipeline minecraft:overworld
[20:42:19] [Render thread/INFO]: Creating pipeline for dimension minecraft:overworld
[20:42:23] [Render thread/INFO]: Started 2 worker threads
[20:42:23] [Render thread/INFO]: Loaded 7 advancements
[20:42:24] [Render thread/INFO]: Stopping worker threads
[20:42:24] [Render thread/INFO]: Started 2 worker threads
[20:42:24] [Render thread/INFO]: Resizing Dynamic Transforms UBO, capacity limit of 2 reached during a single frame. New capacity will be 4.
[20:42:24] [Render thread/INFO]: Resizing Dynamic Transforms UBO, capacity limit of 4 reached during a single frame. New capacity will be 8.
[20:43:33] [Render thread/INFO]: Resizing Dynamic Transforms UBO, capacity limit of 8 reached during a single frame. New capacity will be 16.
[20:43:59] [Render thread/INFO]: Stopping worker threads
[20:44:01] [Render thread/INFO]: Stopping!
